<?xml version="1.0" encoding="UTF-8"?>
<testsuite name="com.amazon.ata.dynamodbindexdesignandusage.integration.dao.EventDaoTest" tests="1" skipped="0" failures="0" errors="0" timestamp="2022-01-21T17:51:14" hostname="Lambda-School-Jamies-MacBook-Pro.local" time="0.926">
  <properties/>
  <testcase name="cancelEvent_onExistingEvent_cancelsButDoesntDeleteEvent()" classname="com.amazon.ata.dynamodbindexdesignandusage.integration.dao.EventDaoTest" time="0.926"/>
  <system-out><![CDATA[]]></system-out>
  <system-err><![CDATA[]]></system-err>
</testsuite>
