<?xml version="1.0" encoding="UTF-8"?>
<testsuite name="com.amazon.ata.dynamodbindexdesignandusage.integration.dao.MemberDaoTest" tests="1" skipped="0" failures="0" errors="0" timestamp="2022-01-21T17:51:15" hostname="Lambda-School-Jamies-MacBook-Pro.local" time="0.001">
  <properties/>
  <testcase name="deletePermanently_withMemberId_resultsInDynamoDbDeleteRequest()" classname="com.amazon.ata.dynamodbindexdesignandusage.integration.dao.MemberDaoTest" time="0.001"/>
  <system-out><![CDATA[]]></system-out>
  <system-err><![CDATA[]]></system-err>
</testsuite>
